<?xml version="1.0" encoding="UTF-8"?>
<testsuite name="omex.OmexTest" tests="1" skipped="0" failures="0" errors="0" timestamp="2016-01-21T22:52:43" hostname="macbook-5.home" time="2.376">
  <properties/>
  <testcase name="createSEDMLArchive" classname="omex.OmexTest" time="2.376"/>
  <system-out><![CDATA[sedx file is at : /var/folders/__/p4znxmj962n8fgnzpdnv0v_h0000gr/T/sedxExample6936452590247377672.sedx
]]></system-out>
  <system-err><![CDATA[SLF4J: Failed to load class "org.slf4j.impl.StaticLoggerBinder".
SLF4J: Defaulting to no-operation (NOP) logger implementation
SLF4J: See http://www.slf4j.org/codes.html#StaticLoggerBinder for further details.
Warning: at axsl:stylesheet on line 2 
  Running an XSLT 1.0 stylesheet with an XSLT 2.0 processor
]]></system-err>
</testsuite>
